<?xml version="1.0" encoding="UTF-8"?>
<testsuite xmlns:xsi="http://www.w3.org/2001/XMLSchema-instance" xsi:noNamespaceSchemaLocation="https://maven.apache.org/surefire/maven-surefire-plugin/xsd/surefire-test-report.xsd" name="cl.kibernumacademy.TareaTest" time="0.191" tests="10" errors="0" skipped="1" failures="0">
  <properties>
[...]
</properties>
  <testcase name="mostrarTodasLasTareasQueSeanFalse" classname="cl.kibernumacademy.TareaTest" time="0.049"/>
  <testcase name="comprobarQueExistaLaTareaAntesDeModificar" classname="cl.kibernumacademy.TareaTest" time="0.002"/>
  <testcase name="tareaAlSerAgregadaTieneElTituloCorrecto" classname="cl.kibernumacademy.TareaTest" time="0.011"/>
  <testcase name="agregarUnTareaPredeterminada" classname="cl.kibernumacademy.TareaTest" time="0.003"/>
  <testcase name="marcarTareaSoloSiHayTareasCargadas" classname="cl.kibernumacademy.TareaTest" time="0">
    <skipped message="Assumption failed: No hay tareas, se omite el test" type="org.opentest4j.TestAbortedException">org.opentest4j.TestAbortedException: Assumption failed: No hay tareas, se omite el test
	at cl.kibernumacademy.TareaTest.marcarTareaSoloSiHayTareasCargadas(TareaTest.java:118)
</skipped>
    <system-out><![CDATA[Test #5 completado con éxito.

Finalizó el test: marcarTareaSoloSiHayTareasCargadas()
]]></system-out>
  </testcase>
  <testcase name="tareasConTitulosDebenGuardarseCorrectamente{String}[1]" classname="cl.kibernumacademy.TareaTest" time="0.031"/>
  <testcase name="tareasConTitulosDebenGuardarseCorrectamente{String}[2]" classname="cl.kibernumacademy.TareaTest" time="0.002"/>
  <testcase name="tareasConTitulosDebenGuardarseCorrectamente{String}[3]" classname="cl.kibernumacademy.TareaTest" time="0.002"/>
  <testcase name="tareaComoCompletada" classname="cl.kibernumacademy.TareaTest" time="0.001"/>
  <testcase name="marcarTareaSoloSiExisteEnElSistema" classname="cl.kibernumacademy.TareaTest" time="0.003"/>
</testsuite>